[0.007s] Invoking command in '/home/duraisingh/ros2_ws/build/my_robot_description': CMAKE_PREFIX_PATH=${CMAKE_PREFIX_PATH}:/opt/ros/jazzy DEBUGINFOD_URLS=https://debuginfod.ubuntu.com /usr/bin/cmake /home/duraisingh/ros2_ws/src/my_robot_description -DCMAKE_INSTALL_PREFIX=/home/duraisingh/ros2_ws/install/my_robot_description
[0.179s] -- The C compiler identification is GNU 13.3.0
[1.187s] -- The CXX compiler identification is GNU 13.3.0
[1.212s] -- Detecting C compiler ABI info
[1.302s] -- Detecting C compiler ABI info - done
[1.307s] -- Check for working C compiler: /usr/bin/cc - skipped
[1.308s] -- Detecting C compile features
[1.308s] -- Detecting C compile features - done
[1.324s] -- Detecting CXX compiler ABI info
[1.439s] -- Detecting CXX compiler ABI info - done
[1.447s] -- Check for working CXX compiler: /usr/bin/c++ - skipped
[1.447s] -- Detecting CXX compile features
[1.447s] -- Detecting CXX compile features - done
[1.456s] -- Found ament_cmake: 2.5.4 (/opt/ros/jazzy/share/ament_cmake/cmake)
[2.034s] -- Found Python3: /home/duraisingh/.pyenv/shims/python3 (found version "3.12.3") found components: Interpreter 
[2.199s] -- Found ament_lint_auto: 0.17.3 (/opt/ros/jazzy/share/ament_lint_auto/cmake)
[2.352s] -- Added test 'flake8' to check Python code syntax and style conventions
[2.352s] -- Configured 'flake8' exclude dirs and/or files: 
[2.353s] -- Added test 'lint_cmake' to check CMake code style
[2.353s] -- Added test 'pep257' to check Python code against some of the docstring style conventions in PEP 257
[2.354s] -- Added test 'xmllint' to check XML markup files
[2.355s] -- Configuring done (2.3s)
[2.356s] -- Generating done (0.0s)
[2.357s] -- Build files have been written to: /home/duraisingh/ros2_ws/build/my_robot_description
[2.361s] Invoked command in '/home/duraisingh/ros2_ws/build/my_robot_description' returned '0': CMAKE_PREFIX_PATH=${CMAKE_PREFIX_PATH}:/opt/ros/jazzy DEBUGINFOD_URLS=https://debuginfod.ubuntu.com /usr/bin/cmake /home/duraisingh/ros2_ws/src/my_robot_description -DCMAKE_INSTALL_PREFIX=/home/duraisingh/ros2_ws/install/my_robot_description
[2.362s] Invoking command in '/home/duraisingh/ros2_ws/build/my_robot_description': CMAKE_PREFIX_PATH=${CMAKE_PREFIX_PATH}:/opt/ros/jazzy DEBUGINFOD_URLS=https://debuginfod.ubuntu.com /usr/bin/cmake --build /home/duraisingh/ros2_ws/build/my_robot_description -- -j16 -l16
[2.390s] Invoked command in '/home/duraisingh/ros2_ws/build/my_robot_description' returned '0': CMAKE_PREFIX_PATH=${CMAKE_PREFIX_PATH}:/opt/ros/jazzy DEBUGINFOD_URLS=https://debuginfod.ubuntu.com /usr/bin/cmake --build /home/duraisingh/ros2_ws/build/my_robot_description -- -j16 -l16
[2.399s] Invoking command in '/home/duraisingh/ros2_ws/build/my_robot_description': CMAKE_PREFIX_PATH=${CMAKE_PREFIX_PATH}:/opt/ros/jazzy DEBUGINFOD_URLS=https://debuginfod.ubuntu.com /usr/bin/cmake --install /home/duraisingh/ros2_ws/build/my_robot_description
[2.407s] -- Install configuration: ""
[2.407s] -- Installing: /home/duraisingh/ros2_ws/install/my_robot_description/share/ament_index/resource_index/package_run_dependencies/my_robot_description
[2.407s] -- Installing: /home/duraisingh/ros2_ws/install/my_robot_description/share/ament_index/resource_index/parent_prefix_path/my_robot_description
[2.407s] -- Installing: /home/duraisingh/ros2_ws/install/my_robot_description/share/my_robot_description/environment/ament_prefix_path.sh
[2.407s] -- Installing: /home/duraisingh/ros2_ws/install/my_robot_description/share/my_robot_description/environment/ament_prefix_path.dsv
[2.407s] -- Installing: /home/duraisingh/ros2_ws/install/my_robot_description/share/my_robot_description/environment/path.sh
[2.408s] -- Installing: /home/duraisingh/ros2_ws/install/my_robot_description/share/my_robot_description/environment/path.dsv
[2.408s] -- Installing: /home/duraisingh/ros2_ws/install/my_robot_description/share/my_robot_description/local_setup.bash
[2.408s] -- Installing: /home/duraisingh/ros2_ws/install/my_robot_description/share/my_robot_description/local_setup.sh
[2.408s] -- Installing: /home/duraisingh/ros2_ws/install/my_robot_description/share/my_robot_description/local_setup.zsh
[2.408s] -- Installing: /home/duraisingh/ros2_ws/install/my_robot_description/share/my_robot_description/local_setup.dsv
[2.408s] -- Installing: /home/duraisingh/ros2_ws/install/my_robot_description/share/my_robot_description/package.dsv
[2.408s] -- Installing: /home/duraisingh/ros2_ws/install/my_robot_description/share/ament_index/resource_index/packages/my_robot_description
[2.408s] -- Installing: /home/duraisingh/ros2_ws/install/my_robot_description/share/my_robot_description/cmake/my_robot_descriptionConfig.cmake
[2.408s] -- Installing: /home/duraisingh/ros2_ws/install/my_robot_description/share/my_robot_description/cmake/my_robot_descriptionConfig-version.cmake
[2.408s] -- Installing: /home/duraisingh/ros2_ws/install/my_robot_description/share/my_robot_description/package.xml
[2.409s] Invoked command in '/home/duraisingh/ros2_ws/build/my_robot_description' returned '0': CMAKE_PREFIX_PATH=${CMAKE_PREFIX_PATH}:/opt/ros/jazzy DEBUGINFOD_URLS=https://debuginfod.ubuntu.com /usr/bin/cmake --install /home/duraisingh/ros2_ws/build/my_robot_description
