[0.007s] Invoking command in '/home/duraisingh/ros2_ws/build/my_robot_description': CMAKE_PREFIX_PATH=${CMAKE_PREFIX_PATH}:/opt/ros/jazzy DEBUGINFOD_URLS=https://debuginfod.ubuntu.com /usr/bin/cmake /home/duraisingh/ros2_ws/src/my_robot_description -DAMENT_CMAKE_SYMLINK_INSTALL=1 -DCMAKE_INSTALL_PREFIX=/home/duraisingh/ros2_ws/install/my_robot_description
[0.019s] -- Found ament_cmake: 2.5.4 (/opt/ros/jazzy/share/ament_cmake/cmake)
[0.686s] -- Override CMake install command with custom implementation using symlinks instead of copying resources
[0.692s] -- Found ament_lint_auto: 0.17.3 (/opt/ros/jazzy/share/ament_lint_auto/cmake)
[0.808s] -- Added test 'flake8' to check Python code syntax and style conventions
[0.808s] -- Configured 'flake8' exclude dirs and/or files: 
[0.808s] -- Added test 'lint_cmake' to check CMake code style
[0.808s] -- Added test 'pep257' to check Python code against some of the docstring style conventions in PEP 257
[0.809s] -- Added test 'xmllint' to check XML markup files
[0.809s] -- Configuring done (0.8s)
[0.811s] -- Generating done (0.0s)
[0.811s] -- Build files have been written to: /home/duraisingh/ros2_ws/build/my_robot_description
[0.814s] Invoked command in '/home/duraisingh/ros2_ws/build/my_robot_description' returned '0': CMAKE_PREFIX_PATH=${CMAKE_PREFIX_PATH}:/opt/ros/jazzy DEBUGINFOD_URLS=https://debuginfod.ubuntu.com /usr/bin/cmake /home/duraisingh/ros2_ws/src/my_robot_description -DAMENT_CMAKE_SYMLINK_INSTALL=1 -DCMAKE_INSTALL_PREFIX=/home/duraisingh/ros2_ws/install/my_robot_description
[0.815s] Invoking command in '/home/duraisingh/ros2_ws/build/my_robot_description': CMAKE_PREFIX_PATH=${CMAKE_PREFIX_PATH}:/opt/ros/jazzy DEBUGINFOD_URLS=https://debuginfod.ubuntu.com /usr/bin/cmake --build /home/duraisingh/ros2_ws/build/my_robot_description -- -j16 -l16
[0.843s] Invoked command in '/home/duraisingh/ros2_ws/build/my_robot_description' returned '0': CMAKE_PREFIX_PATH=${CMAKE_PREFIX_PATH}:/opt/ros/jazzy DEBUGINFOD_URLS=https://debuginfod.ubuntu.com /usr/bin/cmake --build /home/duraisingh/ros2_ws/build/my_robot_description -- -j16 -l16
[0.852s] Invoking command in '/home/duraisingh/ros2_ws/build/my_robot_description': CMAKE_PREFIX_PATH=${CMAKE_PREFIX_PATH}:/opt/ros/jazzy DEBUGINFOD_URLS=https://debuginfod.ubuntu.com /usr/bin/cmake --install /home/duraisingh/ros2_ws/build/my_robot_description
[0.857s] -- Install configuration: ""
[0.857s] -- Execute custom install script
[0.857s] -- Symlinking: /home/duraisingh/ros2_ws/install/my_robot_description/share/ament_index/resource_index/package_run_dependencies/my_robot_description
[0.865s] -- Symlinking: /home/duraisingh/ros2_ws/install/my_robot_description/share/ament_index/resource_index/parent_prefix_path/my_robot_description
[0.870s] -- Symlinking: /home/duraisingh/ros2_ws/install/my_robot_description/share/my_robot_description/environment/ament_prefix_path.sh
[0.876s] -- Symlinking: /home/duraisingh/ros2_ws/install/my_robot_description/share/my_robot_description/environment/ament_prefix_path.dsv
[0.884s] -- Symlinking: /home/duraisingh/ros2_ws/install/my_robot_description/share/my_robot_description/environment/path.sh
[0.890s] -- Symlinking: /home/duraisingh/ros2_ws/install/my_robot_description/share/my_robot_description/environment/path.dsv
[0.896s] -- Symlinking: /home/duraisingh/ros2_ws/install/my_robot_description/share/my_robot_description/local_setup.bash
[0.901s] -- Symlinking: /home/duraisingh/ros2_ws/install/my_robot_description/share/my_robot_description/local_setup.sh
[0.909s] -- Symlinking: /home/duraisingh/ros2_ws/install/my_robot_description/share/my_robot_description/local_setup.zsh
[0.914s] -- Symlinking: /home/duraisingh/ros2_ws/install/my_robot_description/share/my_robot_description/local_setup.dsv
[0.919s] -- Symlinking: /home/duraisingh/ros2_ws/install/my_robot_description/share/my_robot_description/package.dsv
[0.927s] -- Symlinking: /home/duraisingh/ros2_ws/install/my_robot_description/share/ament_index/resource_index/packages/my_robot_description
[0.933s] -- Symlinking: /home/duraisingh/ros2_ws/install/my_robot_description/share/my_robot_description/cmake/my_robot_descriptionConfig.cmake
[0.940s] -- Symlinking: /home/duraisingh/ros2_ws/install/my_robot_description/share/my_robot_description/cmake/my_robot_descriptionConfig-version.cmake
[0.947s] -- Symlinking: /home/duraisingh/ros2_ws/install/my_robot_description/share/my_robot_description/package.xml
[0.955s] Invoked command in '/home/duraisingh/ros2_ws/build/my_robot_description' returned '0': CMAKE_PREFIX_PATH=${CMAKE_PREFIX_PATH}:/opt/ros/jazzy DEBUGINFOD_URLS=https://debuginfod.ubuntu.com /usr/bin/cmake --install /home/duraisingh/ros2_ws/build/my_robot_description
