[0.006s] Invoking command in '/home/duraisingh/ros2_ws/build/my_robot_description': CMAKE_PREFIX_PATH=${CMAKE_PREFIX_PATH}:/opt/ros/jazzy DEBUGINFOD_URLS=https://debuginfod.ubuntu.com /usr/bin/cmake /home/duraisingh/ros2_ws/src/my_robot_description -DCMAKE_INSTALL_PREFIX=/home/duraisingh/ros2_ws/install/my_robot_description
[0.019s] -- Found ament_cmake: 2.5.4 (/opt/ros/jazzy/share/ament_cmake/cmake)
[0.685s] -- Override CMake install command with custom implementation using symlinks instead of copying resources
[0.689s] -- Found ament_lint_auto: 0.17.3 (/opt/ros/jazzy/share/ament_lint_auto/cmake)
[0.798s] -- Added test 'flake8' to check Python code syntax and style conventions
[0.798s] -- Configured 'flake8' exclude dirs and/or files: 
[0.798s] -- Added test 'lint_cmake' to check CMake code style
[0.798s] -- Added test 'pep257' to check Python code against some of the docstring style conventions in PEP 257
[0.798s] -- Added test 'xmllint' to check XML markup files
[0.799s] -- Configuring done (0.8s)
[0.801s] -- Generating done (0.0s)
[0.801s] -- Build files have been written to: /home/duraisingh/ros2_ws/build/my_robot_description
[0.804s] Invoked command in '/home/duraisingh/ros2_ws/build/my_robot_description' returned '0': CMAKE_PREFIX_PATH=${CMAKE_PREFIX_PATH}:/opt/ros/jazzy DEBUGINFOD_URLS=https://debuginfod.ubuntu.com /usr/bin/cmake /home/duraisingh/ros2_ws/src/my_robot_description -DCMAKE_INSTALL_PREFIX=/home/duraisingh/ros2_ws/install/my_robot_description
[0.805s] Invoking command in '/home/duraisingh/ros2_ws/build/my_robot_description': CMAKE_PREFIX_PATH=${CMAKE_PREFIX_PATH}:/opt/ros/jazzy DEBUGINFOD_URLS=https://debuginfod.ubuntu.com /usr/bin/cmake --build /home/duraisingh/ros2_ws/build/my_robot_description -- -j16 -l16
[0.835s] Invoked command in '/home/duraisingh/ros2_ws/build/my_robot_description' returned '0': CMAKE_PREFIX_PATH=${CMAKE_PREFIX_PATH}:/opt/ros/jazzy DEBUGINFOD_URLS=https://debuginfod.ubuntu.com /usr/bin/cmake --build /home/duraisingh/ros2_ws/build/my_robot_description -- -j16 -l16
[0.842s] Invoking command in '/home/duraisingh/ros2_ws/build/my_robot_description': CMAKE_PREFIX_PATH=${CMAKE_PREFIX_PATH}:/opt/ros/jazzy DEBUGINFOD_URLS=https://debuginfod.ubuntu.com /usr/bin/cmake --install /home/duraisingh/ros2_ws/build/my_robot_description
[0.848s] -- Install configuration: ""
[0.849s] -- Execute custom install script
[0.849s] -- Up-to-date symlink: /home/duraisingh/ros2_ws/install/my_robot_description/share/ament_index/resource_index/package_run_dependencies/my_robot_description
[0.849s] -- Up-to-date symlink: /home/duraisingh/ros2_ws/install/my_robot_description/share/ament_index/resource_index/parent_prefix_path/my_robot_description
[0.849s] -- Up-to-date symlink: /home/duraisingh/ros2_ws/install/my_robot_description/share/my_robot_description/environment/ament_prefix_path.sh
[0.849s] -- Up-to-date symlink: /home/duraisingh/ros2_ws/install/my_robot_description/share/my_robot_description/environment/ament_prefix_path.dsv
[0.849s] -- Up-to-date symlink: /home/duraisingh/ros2_ws/install/my_robot_description/share/my_robot_description/environment/path.sh
[0.849s] -- Up-to-date symlink: /home/duraisingh/ros2_ws/install/my_robot_description/share/my_robot_description/environment/path.dsv
[0.850s] -- Up-to-date symlink: /home/duraisingh/ros2_ws/install/my_robot_description/share/my_robot_description/local_setup.bash
[0.850s] -- Up-to-date symlink: /home/duraisingh/ros2_ws/install/my_robot_description/share/my_robot_description/local_setup.sh
[0.850s] -- Up-to-date symlink: /home/duraisingh/ros2_ws/install/my_robot_description/share/my_robot_description/local_setup.zsh
[0.850s] -- Up-to-date symlink: /home/duraisingh/ros2_ws/install/my_robot_description/share/my_robot_description/local_setup.dsv
[0.850s] -- Symlinking: /home/duraisingh/ros2_ws/install/my_robot_description/share/my_robot_description/package.dsv
[0.856s] -- Up-to-date symlink: /home/duraisingh/ros2_ws/install/my_robot_description/share/ament_index/resource_index/packages/my_robot_description
[0.856s] -- Up-to-date symlink: /home/duraisingh/ros2_ws/install/my_robot_description/share/my_robot_description/cmake/my_robot_descriptionConfig.cmake
[0.856s] -- Up-to-date symlink: /home/duraisingh/ros2_ws/install/my_robot_description/share/my_robot_description/cmake/my_robot_descriptionConfig-version.cmake
[0.856s] -- Up-to-date symlink: /home/duraisingh/ros2_ws/install/my_robot_description/share/my_robot_description/package.xml
[0.856s] -- Symlinking: /home/duraisingh/ros2_ws/install/my_robot_description/share/my_robot_description//launch/display.launch.py
[0.864s] -- Symlinking: /home/duraisingh/ros2_ws/install/my_robot_description/share/my_robot_description//urdf/robot_arm.urdf
[0.871s] Invoked command in '/home/duraisingh/ros2_ws/build/my_robot_description' returned '0': CMAKE_PREFIX_PATH=${CMAKE_PREFIX_PATH}:/opt/ros/jazzy DEBUGINFOD_URLS=https://debuginfod.ubuntu.com /usr/bin/cmake --install /home/duraisingh/ros2_ws/build/my_robot_description
